2019-05-18 07:53:24,705 INFO  [Log] ---------------------------------- 
2019-05-18 07:53:24,706 INFO  [Log] TC001 
2019-05-18 07:53:24,706 INFO  [Log] ---------------------------------- 
2019-05-18 07:53:29,314 INFO  [Log] The browser which got openend is :Chrome 
2019-05-18 07:53:40,665 INFO  [Log] The URL which got openend is :https://www.goindigo.in/?linkNav=home_header 
2019-05-18 07:53:40,988 INFO  [Log] Sucessfully worked with the keyboard keys in  :name:or-src 
2019-05-18 07:53:41,044 INFO  [Log] Sucessfully worked with the keyboard keys in  :name:or-src 
2019-05-18 07:53:41,122 INFO  [Log] Sucessfully worked with the keyboard keys in  :name:or-src 
2019-05-18 07:53:41,224 INFO  [Log] Sucessfully worked with the keyboard keys in  :name:or-src 
2019-05-18 07:53:41,294 INFO  [Log] Sucessfully worked with the keyboard keys in  :name:or-src 
2019-05-18 07:53:41,362 INFO  [Log] Sucessfully worked with the keyboard keys in  :name:or-src 
2019-05-18 07:53:41,436 INFO  [Log] Sucessfully worked with the keyboard keys in  :name:or-src 
2019-05-18 07:53:41,493 INFO  [Log] Sucessfully worked with the keyboard keys in  :name:or-src 
2019-05-18 07:53:41,563 INFO  [Log] Sucessfully worked with the keyboard keys in  :name:or-src 
2019-05-18 07:53:41,644 INFO  [Log] Sucessfully worked with the keyboard keys in  :name:or-src 
2019-05-18 07:53:41,801 INFO  [Log] Sucessfully worked with the keyboard keys in  :name:or-src 
2019-05-18 07:53:41,953 INFO  [Log] Sucessfully worked with the keyboard keys in  :name:or-src 
2019-05-18 07:53:42,105 INFO  [Log] Sucessfully worked with the keyboard keys in  :name:or-src 
2019-05-18 07:53:42,256 INFO  [Log] Sucessfully worked with the keyboard keys in  :name:or-src 
2019-05-18 07:53:42,362 INFO  [Log] Sucessfully worked with the keyboard keys in  :name:or-src 
2019-05-18 07:53:42,463 INFO  [Log] Sucessfully worked with the keyboard keys in  :name:or-src 
2019-05-18 07:53:42,570 INFO  [Log] Sucessfully worked with the keyboard keys in  :name:or-src 
2019-05-18 07:53:42,701 INFO  [Log] Sucessfully worked with the keyboard keys in  :name:or-src 
2019-05-18 07:53:42,804 INFO  [Log] Sucessfully worked with the keyboard keys in  :name:or-src 
2019-05-18 07:53:42,910 INFO  [Log] Sucessfully worked with the keyboard keys in  :name:or-src 
2019-05-18 07:53:43,008 INFO  [Log] Sucessfully worked with the keyboard keys in  :name:or-src 
2019-05-18 07:53:43,135 INFO  [Log] Sucessfully worked with the keyboard keys in  :name:or-src 
2019-05-18 07:53:43,242 INFO  [Log] Sucessfully worked with the keyboard keys in  :name:or-src 
2019-05-18 07:53:43,344 INFO  [Log] Sucessfully worked with the keyboard keys in  :name:or-src 
2019-05-18 07:53:43,450 INFO  [Log] Sucessfully worked with the keyboard keys in  :name:or-src 
2019-05-18 07:53:43,591 INFO  [Log] Sucessfully worked with the keyboard keys in  :name:or-src 
2019-05-18 07:53:43,697 INFO  [Log] Sucessfully worked with the keyboard keys in  :name:or-src 
2019-05-18 07:53:43,802 INFO  [Log] Sucessfully worked with the keyboard keys in  :name:or-src 
2019-05-18 07:53:43,902 INFO  [Log] Sucessfully worked with the keyboard keys in  :name:or-src 
2019-05-18 07:53:44,040 INFO  [Log] Sucessfully worked with the keyboard keys in  :name:or-src 
2019-05-18 07:53:44,572 INFO  [Log] Sucessfully entered the text in  :name:or-src and the value is : Chennai (MAA) 
2019-05-18 07:53:44,811 INFO  [Log] Sucessfully worked with the keyboard keys in  :name:or-src 
2019-05-18 07:53:46,688 INFO  [Log] Sucessfully entered the text in  :name:or-dest and the value is : Ahmedabad (AMD) 
2019-05-18 07:53:46,820 INFO  [Log] Sucessfully worked with the keyboard keys in  :name:or-dest 
2019-05-18 07:53:49,368 INFO  [Log] Sucessfully fetched the date from the calender :20 
2019-05-18 07:53:49,525 INFO  [Log] Sucessfully clicked the webelement at  :name:passenger 
2019-05-18 07:53:49,800 INFO  [Log] Sucessfully clicked the webelement at  :xpath://*[@id='bookFlightTab']/form/div[5]/div[1]/div[2]/ul/li[1]/div/button[2]/span 
2019-05-18 07:53:49,972 INFO  [Log] Sucessfully clicked the webelement at  :xpath://*[@id='bookFlightTab']/form/div[5]/div[1]/div[2]/ul/li[1]/div/button[2]/span 
2019-05-18 07:53:50,183 INFO  [Log] Sucessfully clicked the webelement at  :xpath://*[@id='bookFlightTab']/form/div[5]/div[1]/div[2]/div/button 
2019-05-18 07:53:50,470 INFO  [Log] Sucessfully clicked the webelement at  :xpath://*[@id='bookFlightTab']/form/div[7]/div[6]/button/span[1] 
2019-05-18 07:54:00,616 INFO  [Log] Sucessfully fetched the value from the webelement :xpath://*[@id='bookingWidgetContainer']/div/div/div/div[2]/div[3]/div/div[1]/spanand the value is : ? 3,543 
2019-05-18 07:54:00,617 INFO  [Log] ---------------------------------- 
2019-05-18 07:54:00,617 INFO  [Log] -------------END-------------- 
2019-05-18 07:54:00,617 INFO  [Log] ---------------------------------- 
2019-05-18 07:54:00,915 INFO  [Log] ---------------------------------- 
2019-05-18 07:54:00,915 INFO  [Log] TC002 
2019-05-18 07:54:00,915 INFO  [Log] ---------------------------------- 
2019-05-18 07:54:01,067 INFO  [Log] Sucessfully clicked the webelement at  :xpath://*[@id='flightSelectMount']/div/div[1]/div/div/div/div[1]/div[1]/div/div/div[2]/div/button[1] 
2019-05-18 07:54:02,192 INFO  [Log] ---------------------------------- 
2019-05-18 07:54:02,192 INFO  [Log] -------------END-------------- 
2019-05-18 07:54:02,192 INFO  [Log] ---------------------------------- 
2019-05-18 07:54:02,290 INFO  [Log] ---------------------------------- 
2019-05-18 07:54:02,290 INFO  [Log] TC003 
2019-05-18 07:54:02,290 INFO  [Log] ---------------------------------- 
2019-05-18 07:54:04,639 INFO  [Log] Sucessfully clicked the webelement at  :linkText:Contact us 
2019-05-18 07:54:06,659 INFO  [Log] Sucessfully switched to a new window  
2019-05-18 07:54:09,864 INFO  [Log] Sucessfully fetched the value from the webelement :xpath:/html/body/div[6]/div[1]/div[1]/div/div[2]/div/div[1]/p[1]and the value is : Level 1, Tower C, Global Business Park, Mehrauli-Gurgaon Road, Gurgaon – 122 002, Haryana, India. 
2019-05-18 07:54:09,865 INFO  [Log] ---------------------------------- 
2019-05-18 07:54:09,865 INFO  [Log] -------------END-------------- 
2019-05-18 07:54:09,865 INFO  [Log] ---------------------------------- 
2019-05-18 07:54:10,018 INFO  [Log] ---------------------------------- 
2019-05-18 07:54:10,018 INFO  [Log] TC004 
2019-05-18 07:54:10,018 INFO  [Log] ---------------------------------- 
2019-05-18 07:54:12,243 INFO  [Log] Sucessfully hovered the mouse at the webelement :linkText:Manage 
2019-05-18 07:54:17,361 INFO  [Log] Sucessfully hovered and click the mouse at the webelement :linkText:Lounge Services 
2019-05-18 07:54:18,602 INFO  [Log] Sucessfully closed the browser 
2019-05-18 07:54:18,603 INFO  [Log] ---------------------------------- 
2019-05-18 07:54:18,603 INFO  [Log] -------------END-------------- 
2019-05-18 07:54:18,603 INFO  [Log] ---------------------------------- 
2019-05-18 07:59:24,644 INFO  [Log] ---------------------------------- 
2019-05-18 07:59:24,645 INFO  [Log] TC001 
2019-05-18 07:59:24,645 INFO  [Log] ---------------------------------- 
2019-05-18 07:59:35,058 INFO  [Log] ---------------------------------- 
2019-05-18 07:59:35,059 INFO  [Log] TC001 
2019-05-18 07:59:35,059 INFO  [Log] ---------------------------------- 
2019-05-18 07:59:39,741 INFO  [Log] The browser which got openend is :Chrome 
2019-05-18 07:59:48,206 INFO  [Log] The URL which got openend is :https://www.goindigo.in/?linkNav=home_header 
2019-05-18 07:59:48,668 INFO  [Log] Sucessfully worked with the keyboard keys in  :name:or-src 
2019-05-18 07:59:48,769 INFO  [Log] Sucessfully worked with the keyboard keys in  :name:or-src 
2019-05-18 07:59:48,877 INFO  [Log] Sucessfully worked with the keyboard keys in  :name:or-src 
2019-05-18 07:59:48,962 INFO  [Log] Sucessfully worked with the keyboard keys in  :name:or-src 
2019-05-18 07:59:49,038 INFO  [Log] Sucessfully worked with the keyboard keys in  :name:or-src 
2019-05-18 07:59:49,119 INFO  [Log] Sucessfully worked with the keyboard keys in  :name:or-src 
2019-05-18 07:59:49,194 INFO  [Log] Sucessfully worked with the keyboard keys in  :name:or-src 
2019-05-18 07:59:49,263 INFO  [Log] Sucessfully worked with the keyboard keys in  :name:or-src 
2019-05-18 07:59:49,329 INFO  [Log] Sucessfully worked with the keyboard keys in  :name:or-src 
2019-05-18 07:59:49,405 INFO  [Log] Sucessfully worked with the keyboard keys in  :name:or-src 
2019-05-18 07:59:49,529 INFO  [Log] Sucessfully worked with the keyboard keys in  :name:or-src 
2019-05-18 07:59:49,663 INFO  [Log] Sucessfully worked with the keyboard keys in  :name:or-src 
2019-05-18 07:59:49,779 INFO  [Log] Sucessfully worked with the keyboard keys in  :name:or-src 
2019-05-18 07:59:49,929 INFO  [Log] Sucessfully worked with the keyboard keys in  :name:or-src 
2019-05-18 07:59:50,034 INFO  [Log] Sucessfully worked with the keyboard keys in  :name:or-src 
2019-05-18 07:59:50,136 INFO  [Log] Sucessfully worked with the keyboard keys in  :name:or-src 
2019-05-18 07:59:50,259 INFO  [Log] Sucessfully worked with the keyboard keys in  :name:or-src 
2019-05-18 07:59:50,391 INFO  [Log] Sucessfully worked with the keyboard keys in  :name:or-src 
2019-05-18 07:59:50,502 INFO  [Log] Sucessfully worked with the keyboard keys in  :name:or-src 
2019-05-18 07:59:50,636 INFO  [Log] Sucessfully worked with the keyboard keys in  :name:or-src 
2019-05-18 07:59:50,734 INFO  [Log] Sucessfully worked with the keyboard keys in  :name:or-src 
2019-05-18 07:59:50,834 INFO  [Log] Sucessfully worked with the keyboard keys in  :name:or-src 
2019-05-18 07:59:50,928 INFO  [Log] Sucessfully worked with the keyboard keys in  :name:or-src 
2019-05-18 07:59:51,062 INFO  [Log] Sucessfully worked with the keyboard keys in  :name:or-src 
2019-05-18 07:59:51,156 INFO  [Log] Sucessfully worked with the keyboard keys in  :name:or-src 
2019-05-18 07:59:51,258 INFO  [Log] Sucessfully worked with the keyboard keys in  :name:or-src 
2019-05-18 07:59:51,359 INFO  [Log] Sucessfully worked with the keyboard keys in  :name:or-src 
2019-05-18 07:59:51,469 INFO  [Log] Sucessfully worked with the keyboard keys in  :name:or-src 
2019-05-18 07:59:51,649 INFO  [Log] Sucessfully worked with the keyboard keys in  :name:or-src 
2019-05-18 07:59:51,739 INFO  [Log] Sucessfully worked with the keyboard keys in  :name:or-src 
2019-05-18 07:59:52,250 INFO  [Log] Sucessfully entered the text in  :name:or-src and the value is : Chennai (MAA) 
2019-05-18 07:59:52,479 INFO  [Log] Sucessfully worked with the keyboard keys in  :name:or-src 
2019-05-18 07:59:54,212 INFO  [Log] Sucessfully entered the text in  :name:or-dest and the value is : Ahmedabad (AMD) 
2019-05-18 07:59:54,314 INFO  [Log] Sucessfully worked with the keyboard keys in  :name:or-dest 
2019-05-18 07:59:56,677 INFO  [Log] Sucessfully fetched the date from the calender :20 
2019-05-18 07:59:56,863 INFO  [Log] Sucessfully clicked the webelement at  :name:passenger 
2019-05-18 07:59:57,217 INFO  [Log] Sucessfully clicked the webelement at  :xpath://*[@id='bookFlightTab']/form/div[5]/div[1]/div[2]/ul/li[1]/div/button[2]/span 
2019-05-18 07:59:57,391 INFO  [Log] Sucessfully clicked the webelement at  :xpath://*[@id='bookFlightTab']/form/div[5]/div[1]/div[2]/ul/li[1]/div/button[2]/span 
2019-05-18 07:59:57,662 INFO  [Log] Sucessfully clicked the webelement at  :xpath://*[@id='bookFlightTab']/form/div[5]/div[1]/div[2]/div/button 
2019-05-18 07:59:57,924 INFO  [Log] Sucessfully clicked the webelement at  :xpath://*[@id='bookFlightTab']/form/div[7]/div[6]/button/span[1] 
2019-05-18 08:00:08,051 ERROR [Log] Not able to fetch the value from the webelement :xpath://*[@id='bookingWidgetContainer']/div/div/div/div[2]/div[3]/div/div[1]/span.......and the value is : null 
2019-05-18 08:00:08,055 INFO  [Log] ---------------------------------- 
2019-05-18 08:00:08,055 INFO  [Log] -------------END-------------- 
2019-05-18 08:00:08,055 INFO  [Log] ---------------------------------- 
2019-05-18 08:00:08,281 INFO  [Log] ---------------------------------- 
2019-05-18 08:00:08,281 INFO  [Log] TC002 
2019-05-18 08:00:08,282 INFO  [Log] ---------------------------------- 
2019-05-18 08:00:08,440 INFO  [Log] Sucessfully clicked the webelement at  :xpath://*[@id='flightSelectMount']/div/div[1]/div/div/div/div[1]/div[1]/div/div/div[2]/div/button[1] 
2019-05-18 08:00:09,612 INFO  [Log] ---------------------------------- 
2019-05-18 08:00:09,612 INFO  [Log] -------------END-------------- 
2019-05-18 08:00:09,612 INFO  [Log] ---------------------------------- 
2019-05-18 08:00:09,715 INFO  [Log] ---------------------------------- 
2019-05-18 08:00:09,715 INFO  [Log] TC003 
2019-05-18 08:00:09,715 INFO  [Log] ---------------------------------- 
2019-05-18 08:00:12,226 INFO  [Log] Sucessfully clicked the webelement at  :linkText:Contact us 
2019-05-18 08:00:14,240 INFO  [Log] Sucessfully switched to a new window  
2019-05-18 08:00:17,446 INFO  [Log] Sucessfully fetched the value from the webelement :xpath:/html/body/div[6]/div[1]/div[1]/div/div[2]/div/div[1]/p[1]and the value is : Level 1, Tower C, Global Business Park, Mehrauli-Gurgaon Road, Gurgaon – 122 002, Haryana, India. 
2019-05-18 08:00:17,447 INFO  [Log] ---------------------------------- 
2019-05-18 08:00:17,447 INFO  [Log] -------------END-------------- 
2019-05-18 08:00:17,447 INFO  [Log] ---------------------------------- 
2019-05-18 08:00:17,569 INFO  [Log] ---------------------------------- 
2019-05-18 08:00:17,570 INFO  [Log] TC004 
2019-05-18 08:00:17,570 INFO  [Log] ---------------------------------- 
2019-05-18 08:00:19,813 INFO  [Log] Sucessfully hovered the mouse at the webelement :linkText:Manage 
2019-05-18 08:00:25,049 INFO  [Log] Sucessfully hovered and click the mouse at the webelement :linkText:Lounge Services 
2019-05-18 08:00:26,732 INFO  [Log] Sucessfully closed the browser 
2019-05-18 08:00:26,733 INFO  [Log] ---------------------------------- 
2019-05-18 08:00:26,733 INFO  [Log] -------------END-------------- 
2019-05-18 08:00:26,733 INFO  [Log] ---------------------------------- 
2019-05-19 07:20:08,723 INFO  [Log] ---------------------------------- 
2019-05-19 07:20:08,723 INFO  [Log] TC001 
2019-05-19 07:20:08,723 INFO  [Log] ---------------------------------- 
2019-05-19 07:20:12,148 INFO  [Log] The browser which got openend is :Chrome 
2019-05-19 07:20:30,327 INFO  [Log] The URL which got openend is :https://www.goindigo.in/?linkNav=home_header 
2019-05-19 07:20:30,679 INFO  [Log] Sucessfully worked with the keyboard keys in  :name:or-src 
2019-05-19 07:20:30,738 INFO  [Log] Sucessfully worked with the keyboard keys in  :name:or-src 
2019-05-19 07:20:30,834 INFO  [Log] Sucessfully worked with the keyboard keys in  :name:or-src 
2019-05-19 07:20:30,910 INFO  [Log] Sucessfully worked with the keyboard keys in  :name:or-src 
2019-05-19 07:20:30,973 INFO  [Log] Sucessfully worked with the keyboard keys in  :name:or-src 
2019-05-19 07:20:31,067 INFO  [Log] Sucessfully worked with the keyboard keys in  :name:or-src 
2019-05-19 07:20:31,133 INFO  [Log] Sucessfully worked with the keyboard keys in  :name:or-src 
2019-05-19 07:20:31,204 INFO  [Log] Sucessfully worked with the keyboard keys in  :name:or-src 
2019-05-19 07:20:31,270 INFO  [Log] Sucessfully worked with the keyboard keys in  :name:or-src 
2019-05-19 07:20:31,365 INFO  [Log] Sucessfully worked with the keyboard keys in  :name:or-src 
2019-05-19 07:20:31,492 INFO  [Log] Sucessfully worked with the keyboard keys in  :name:or-src 
2019-05-19 07:20:31,642 INFO  [Log] Sucessfully worked with the keyboard keys in  :name:or-src 
2019-05-19 07:20:31,814 INFO  [Log] Sucessfully worked with the keyboard keys in  :name:or-src 
2019-05-19 07:20:31,949 INFO  [Log] Sucessfully worked with the keyboard keys in  :name:or-src 
2019-05-19 07:20:32,051 INFO  [Log] Sucessfully worked with the keyboard keys in  :name:or-src 
2019-05-19 07:20:32,158 INFO  [Log] Sucessfully worked with the keyboard keys in  :name:or-src 
2019-05-19 07:20:32,271 INFO  [Log] Sucessfully worked with the keyboard keys in  :name:or-src 
2019-05-19 07:20:32,364 INFO  [Log] Sucessfully worked with the keyboard keys in  :name:or-src 
2019-05-19 07:20:32,465 INFO  [Log] Sucessfully worked with the keyboard keys in  :name:or-src 
2019-05-19 07:20:32,561 INFO  [Log] Sucessfully worked with the keyboard keys in  :name:or-src 
2019-05-19 07:20:32,695 INFO  [Log] Sucessfully worked with the keyboard keys in  :name:or-src 
2019-05-19 07:20:32,785 INFO  [Log] Sucessfully worked with the keyboard keys in  :name:or-src 
2019-05-19 07:20:32,904 INFO  [Log] Sucessfully worked with the keyboard keys in  :name:or-src 
2019-05-19 07:20:32,999 INFO  [Log] Sucessfully worked with the keyboard keys in  :name:or-src 
2019-05-19 07:20:33,139 INFO  [Log] Sucessfully worked with the keyboard keys in  :name:or-src 
2019-05-19 07:20:33,239 INFO  [Log] Sucessfully worked with the keyboard keys in  :name:or-src 
2019-05-19 07:20:33,337 INFO  [Log] Sucessfully worked with the keyboard keys in  :name:or-src 
2019-05-19 07:20:33,435 INFO  [Log] Sucessfully worked with the keyboard keys in  :name:or-src 
2019-05-19 07:20:33,575 INFO  [Log] Sucessfully worked with the keyboard keys in  :name:or-src 
2019-05-19 07:20:33,674 INFO  [Log] Sucessfully worked with the keyboard keys in  :name:or-src 
2019-05-19 07:20:34,186 INFO  [Log] Sucessfully entered the text in  :name:or-src and the value is : Chennai (MAA) 
2019-05-19 07:20:34,416 INFO  [Log] Sucessfully worked with the keyboard keys in  :name:or-src 
2019-05-19 07:20:36,015 INFO  [Log] Sucessfully entered the text in  :name:or-dest and the value is : Ahmedabad (AMD) 
2019-05-19 07:20:36,124 INFO  [Log] Sucessfully worked with the keyboard keys in  :name:or-dest 
2019-05-19 07:20:37,922 INFO  [Log] Sucessfully fetched the date from the calender :20 
2019-05-19 07:20:38,087 INFO  [Log] Sucessfully clicked the webelement at  :name:passenger 
2019-05-19 07:20:38,352 INFO  [Log] Sucessfully clicked the webelement at  :xpath://*[@id='bookFlightTab']/form/div[5]/div[1]/div[2]/ul/li[1]/div/button[2]/span 
2019-05-19 07:20:38,564 INFO  [Log] Sucessfully clicked the webelement at  :xpath://*[@id='bookFlightTab']/form/div[5]/div[1]/div[2]/ul/li[1]/div/button[2]/span 
2019-05-19 07:20:38,753 INFO  [Log] Sucessfully clicked the webelement at  :xpath://*[@id='bookFlightTab']/form/div[5]/div[1]/div[2]/div/button 
2019-05-19 07:20:38,979 INFO  [Log] Sucessfully clicked the webelement at  :xpath://*[@id='bookFlightTab']/form/div[7]/div[6]/button/span[1] 
2019-05-19 07:20:49,035 ERROR [Log] Not able to fetch the value from the webelement : xpath://*[@id='bookingWidgetContainer']/div/div/div/div[2]/div[3]/div/div[1]/span.......and the value is : null 
2019-05-19 07:20:49,037 INFO  [Log] ---------------------------------- 
2019-05-19 07:20:49,037 INFO  [Log] -------------END-------------- 
2019-05-19 07:20:49,037 INFO  [Log] ---------------------------------- 
2019-05-19 07:20:49,246 INFO  [Log] ---------------------------------- 
2019-05-19 07:20:49,247 INFO  [Log] TC002 
2019-05-19 07:20:49,247 INFO  [Log] ---------------------------------- 
2019-05-19 07:20:49,410 INFO  [Log] Sucessfully clicked the webelement at  :xpath://*[@id='flightSelectMount']/div/div[1]/div/div/div/div[1]/div[1]/div/div/div[2]/div/button[1] 
2019-05-19 07:20:50,399 INFO  [Log] ---------------------------------- 
2019-05-19 07:20:50,399 INFO  [Log] -------------END-------------- 
2019-05-19 07:20:50,399 INFO  [Log] ---------------------------------- 
2019-05-19 07:20:50,518 INFO  [Log] ---------------------------------- 
2019-05-19 07:20:50,518 INFO  [Log] TC003 
2019-05-19 07:20:50,518 INFO  [Log] ---------------------------------- 
2019-05-19 07:20:52,714 INFO  [Log] Sucessfully clicked the webelement at  :linkText:Contact us 
2019-05-19 07:20:54,749 INFO  [Log] Sucessfully switched to a new window  
2019-05-19 07:20:57,848 INFO  [Log] Sucessfully fetched the value from the webelement : xpath:/html/body/div[6]/div[1]/div[1]/div/div[2]/div/div[1]/p[1]and the value is : Level 1, Tower C, Global Business Park, Mehrauli-Gurgaon Road, Gurgaon – 122 002, Haryana, India. 
2019-05-19 07:20:57,848 INFO  [Log] ---------------------------------- 
2019-05-19 07:20:57,848 INFO  [Log] -------------END-------------- 
2019-05-19 07:20:57,848 INFO  [Log] ---------------------------------- 
2019-05-19 07:20:57,986 INFO  [Log] ---------------------------------- 
2019-05-19 07:20:57,986 INFO  [Log] TC004 
2019-05-19 07:20:57,986 INFO  [Log] ---------------------------------- 
2019-05-19 07:21:00,083 INFO  [Log] Sucessfully hovered the mouse at the webelement :linkText:Manage 
2019-05-19 07:21:04,744 INFO  [Log] Sucessfully hovered and click the mouse at the webelement :linkText:Lounge Services 
2019-05-19 07:21:05,956 INFO  [Log] Sucessfully closed the browser 
2019-05-19 07:21:05,956 INFO  [Log] ---------------------------------- 
2019-05-19 07:21:05,956 INFO  [Log] -------------END-------------- 
2019-05-19 07:21:05,956 INFO  [Log] ---------------------------------- 
2019-05-19 07:31:51,956 INFO  [Log] ---------------------------------- 
2019-05-19 07:31:51,957 INFO  [Log] TC001 
2019-05-19 07:31:51,957 INFO  [Log] ---------------------------------- 
2019-05-19 07:31:55,320 INFO  [Log] The browser which got openend is :Chrome 
2019-05-19 07:32:02,550 INFO  [Log] The URL which got openend is :https://www.goindigo.in/?linkNav=home_header 
2019-05-19 07:32:02,918 INFO  [Log] Sucessfully worked with the keyboard keys in  :name:or-src 
2019-05-19 07:32:02,974 INFO  [Log] Sucessfully worked with the keyboard keys in  :name:or-src 
2019-05-19 07:32:03,055 INFO  [Log] Sucessfully worked with the keyboard keys in  :name:or-src 
2019-05-19 07:32:03,121 INFO  [Log] Sucessfully worked with the keyboard keys in  :name:or-src 
2019-05-19 07:32:03,183 INFO  [Log] Sucessfully worked with the keyboard keys in  :name:or-src 
2019-05-19 07:32:03,251 INFO  [Log] Sucessfully worked with the keyboard keys in  :name:or-src 
2019-05-19 07:32:03,316 INFO  [Log] Sucessfully worked with the keyboard keys in  :name:or-src 
2019-05-19 07:32:03,383 INFO  [Log] Sucessfully worked with the keyboard keys in  :name:or-src 
2019-05-19 07:32:03,449 INFO  [Log] Sucessfully worked with the keyboard keys in  :name:or-src 
2019-05-19 07:32:03,518 INFO  [Log] Sucessfully worked with the keyboard keys in  :name:or-src 
2019-05-19 07:32:03,645 INFO  [Log] Sucessfully worked with the keyboard keys in  :name:or-src 
2019-05-19 07:32:03,777 INFO  [Log] Sucessfully worked with the keyboard keys in  :name:or-src 
2019-05-19 07:32:03,894 INFO  [Log] Sucessfully worked with the keyboard keys in  :name:or-src 
2019-05-19 07:32:04,012 INFO  [Log] Sucessfully worked with the keyboard keys in  :name:or-src 
2019-05-19 07:32:04,139 INFO  [Log] Sucessfully worked with the keyboard keys in  :name:or-src 
2019-05-19 07:32:04,243 INFO  [Log] Sucessfully worked with the keyboard keys in  :name:or-src 
2019-05-19 07:32:04,330 INFO  [Log] Sucessfully worked with the keyboard keys in  :name:or-src 
2019-05-19 07:32:04,467 INFO  [Log] Sucessfully worked with the keyboard keys in  :name:or-src 
2019-05-19 07:32:04,579 INFO  [Log] Sucessfully worked with the keyboard keys in  :name:or-src 
2019-05-19 07:32:04,670 INFO  [Log] Sucessfully worked with the keyboard keys in  :name:or-src 
2019-05-19 07:32:04,768 INFO  [Log] Sucessfully worked with the keyboard keys in  :name:or-src 
2019-05-19 07:32:04,899 INFO  [Log] Sucessfully worked with the keyboard keys in  :name:or-src 
2019-05-19 07:32:04,998 INFO  [Log] Sucessfully worked with the keyboard keys in  :name:or-src 
2019-05-19 07:32:05,106 INFO  [Log] Sucessfully worked with the keyboard keys in  :name:or-src 
2019-05-19 07:32:05,212 INFO  [Log] Sucessfully worked with the keyboard keys in  :name:or-src 
2019-05-19 07:32:05,360 INFO  [Log] Sucessfully worked with the keyboard keys in  :name:or-src 
2019-05-19 07:32:05,452 INFO  [Log] Sucessfully worked with the keyboard keys in  :name:or-src 
2019-05-19 07:32:05,545 INFO  [Log] Sucessfully worked with the keyboard keys in  :name:or-src 
2019-05-19 07:32:05,666 INFO  [Log] Sucessfully worked with the keyboard keys in  :name:or-src 
2019-05-19 07:32:05,812 INFO  [Log] Sucessfully worked with the keyboard keys in  :name:or-src 
2019-05-19 07:32:06,290 INFO  [Log] Sucessfully entered the text in  :name:or-src and the value is : Chennai (MAA) 
2019-05-19 07:32:06,527 INFO  [Log] Sucessfully worked with the keyboard keys in  :name:or-src 
2019-05-19 07:32:08,191 INFO  [Log] Sucessfully entered the text in  :name:or-dest and the value is : Ahmedabad (AMD) 
2019-05-19 07:32:08,304 INFO  [Log] Sucessfully worked with the keyboard keys in  :name:or-dest 
2019-05-19 07:32:10,128 INFO  [Log] Sucessfully fetched the date from the calender :20 
2019-05-19 07:32:10,281 INFO  [Log] Sucessfully clicked the webelement at  :name:passenger 
2019-05-19 07:32:10,554 INFO  [Log] Sucessfully clicked the webelement at  :xpath://*[@id='bookFlightTab']/form/div[5]/div[1]/div[2]/ul/li[1]/div/button[2]/span 
2019-05-19 07:32:10,713 INFO  [Log] Sucessfully clicked the webelement at  :xpath://*[@id='bookFlightTab']/form/div[5]/div[1]/div[2]/ul/li[1]/div/button[2]/span 
2019-05-19 07:32:11,087 INFO  [Log] Sucessfully clicked the webelement at  :xpath://*[@id='bookFlightTab']/form/div[5]/div[1]/div[2]/div/button 
2019-05-19 07:32:11,304 INFO  [Log] Sucessfully clicked the webelement at  :xpath://*[@id='bookFlightTab']/form/div[7]/div[6]/button/span[1] 
2019-05-19 07:32:21,349 ERROR [Log] Not able to fetch the value from the webelement : xpath://*[@id='bookingWidgetContainer']/div/div/div/div[2]/div[3]/div/div[1]/span.......and the value is : null 
2019-05-19 07:32:21,351 INFO  [Log] ---------------------------------- 
2019-05-19 07:32:21,351 INFO  [Log] -------------END-------------- 
2019-05-19 07:32:21,351 INFO  [Log] ---------------------------------- 
2019-05-19 07:32:21,575 INFO  [Log] ---------------------------------- 
2019-05-19 07:32:21,575 INFO  [Log] TC002 
2019-05-19 07:32:21,575 INFO  [Log] ---------------------------------- 
2019-05-19 07:32:21,720 INFO  [Log] Sucessfully clicked the webelement at  :xpath://*[@id='flightSelectMount']/div/div[1]/div/div/div/div[1]/div[1]/div/div/div[2]/div/button[1] 
2019-05-19 07:32:22,664 INFO  [Log] ---------------------------------- 
2019-05-19 07:32:22,664 INFO  [Log] -------------END-------------- 
2019-05-19 07:32:22,664 INFO  [Log] ---------------------------------- 
2019-05-19 07:32:22,766 INFO  [Log] ---------------------------------- 
2019-05-19 07:32:22,766 INFO  [Log] TC003 
2019-05-19 07:32:22,766 INFO  [Log] ---------------------------------- 
2019-05-19 07:32:24,954 INFO  [Log] Sucessfully clicked the webelement at  :linkText:Contact us 
2019-05-19 07:32:26,973 INFO  [Log] Sucessfully switched to a new window  
2019-05-19 07:32:30,064 INFO  [Log] Sucessfully fetched the value from the webelement : xpath:/html/body/div[6]/div[1]/div[1]/div/div[2]/div/div[1]/p[1]and the value is : Level 1, Tower C, Global Business Park, Mehrauli-Gurgaon Road, Gurgaon – 122 002, Haryana, India. 
2019-05-19 07:32:30,064 INFO  [Log] ---------------------------------- 
2019-05-19 07:32:30,064 INFO  [Log] -------------END-------------- 
2019-05-19 07:32:30,064 INFO  [Log] ---------------------------------- 
2019-05-19 07:32:30,164 INFO  [Log] ---------------------------------- 
2019-05-19 07:32:30,164 INFO  [Log] TC004 
2019-05-19 07:32:30,164 INFO  [Log] ---------------------------------- 
2019-05-19 07:32:32,252 INFO  [Log] Sucessfully hovered the mouse at the webelement :linkText:Manage 
2019-05-19 07:32:36,796 INFO  [Log] Sucessfully hovered and click the mouse at the webelement :linkText:Lounge Services 
2019-05-19 07:32:37,958 INFO  [Log] Sucessfully closed the browser 
2019-05-19 07:32:37,958 INFO  [Log] ---------------------------------- 
2019-05-19 07:32:37,958 INFO  [Log] -------------END-------------- 
2019-05-19 07:32:37,958 INFO  [Log] ---------------------------------- 
2019-05-19 07:34:14,956 INFO  [Log] ---------------------------------- 
2019-05-19 07:34:14,957 INFO  [Log] TC001 
2019-05-19 07:34:14,957 INFO  [Log] ---------------------------------- 
2019-05-19 07:34:18,011 INFO  [Log] The browser which got openend is :Chrome 
2019-05-19 07:34:23,930 INFO  [Log] The URL which got openend is :https://www.goindigo.in/?linkNav=home_header 
2019-05-19 07:34:24,192 INFO  [Log] Sucessfully worked with the keyboard keys in  :name:or-src 
2019-05-19 07:34:24,241 INFO  [Log] Sucessfully worked with the keyboard keys in  :name:or-src 
2019-05-19 07:34:24,302 INFO  [Log] Sucessfully worked with the keyboard keys in  :name:or-src 
2019-05-19 07:34:24,357 INFO  [Log] Sucessfully worked with the keyboard keys in  :name:or-src 
2019-05-19 07:34:24,406 INFO  [Log] Sucessfully worked with the keyboard keys in  :name:or-src 
2019-05-19 07:34:24,460 INFO  [Log] Sucessfully worked with the keyboard keys in  :name:or-src 
2019-05-19 07:34:24,508 INFO  [Log] Sucessfully worked with the keyboard keys in  :name:or-src 
2019-05-19 07:34:24,556 INFO  [Log] Sucessfully worked with the keyboard keys in  :name:or-src 
2019-05-19 07:34:24,604 INFO  [Log] Sucessfully worked with the keyboard keys in  :name:or-src 
2019-05-19 07:34:24,658 INFO  [Log] Sucessfully worked with the keyboard keys in  :name:or-src 
2019-05-19 07:34:24,743 INFO  [Log] Sucessfully worked with the keyboard keys in  :name:or-src 
2019-05-19 07:34:24,859 INFO  [Log] Sucessfully worked with the keyboard keys in  :name:or-src 
2019-05-19 07:34:24,946 INFO  [Log] Sucessfully worked with the keyboard keys in  :name:or-src 
2019-05-19 07:34:25,022 INFO  [Log] Sucessfully worked with the keyboard keys in  :name:or-src 
2019-05-19 07:34:25,134 INFO  [Log] Sucessfully worked with the keyboard keys in  :name:or-src 
2019-05-19 07:34:25,210 INFO  [Log] Sucessfully worked with the keyboard keys in  :name:or-src 
2019-05-19 07:34:25,285 INFO  [Log] Sucessfully worked with the keyboard keys in  :name:or-src 
2019-05-19 07:34:25,361 INFO  [Log] Sucessfully worked with the keyboard keys in  :name:or-src 
2019-05-19 07:34:25,433 INFO  [Log] Sucessfully worked with the keyboard keys in  :name:or-src 
2019-05-19 07:34:25,503 INFO  [Log] Sucessfully worked with the keyboard keys in  :name:or-src 
2019-05-19 07:34:25,594 INFO  [Log] Sucessfully worked with the keyboard keys in  :name:or-src 
2019-05-19 07:34:25,667 INFO  [Log] Sucessfully worked with the keyboard keys in  :name:or-src 
2019-05-19 07:34:25,741 INFO  [Log] Sucessfully worked with the keyboard keys in  :name:or-src 
2019-05-19 07:34:25,819 INFO  [Log] Sucessfully worked with the keyboard keys in  :name:or-src 
2019-05-19 07:34:25,890 INFO  [Log] Sucessfully worked with the keyboard keys in  :name:or-src 
2019-05-19 07:34:25,957 INFO  [Log] Sucessfully worked with the keyboard keys in  :name:or-src 
2019-05-19 07:34:26,056 INFO  [Log] Sucessfully worked with the keyboard keys in  :name:or-src 
2019-05-19 07:34:26,127 INFO  [Log] Sucessfully worked with the keyboard keys in  :name:or-src 
2019-05-19 07:34:26,203 INFO  [Log] Sucessfully worked with the keyboard keys in  :name:or-src 
2019-05-19 07:34:26,274 INFO  [Log] Sucessfully worked with the keyboard keys in  :name:or-src 
2019-05-19 07:34:26,687 INFO  [Log] Sucessfully entered the text in  :name:or-src and the value is : Chennai (MAA) 
2019-05-19 07:34:26,851 INFO  [Log] Sucessfully worked with the keyboard keys in  :name:or-src 
2019-05-19 07:34:28,322 INFO  [Log] Sucessfully entered the text in  :name:or-dest and the value is : Ahmedabad (AMD) 
2019-05-19 07:34:28,397 INFO  [Log] Sucessfully worked with the keyboard keys in  :name:or-dest 
2019-05-19 07:34:30,007 INFO  [Log] Sucessfully fetched the date from the calender :20 
2019-05-19 07:34:30,142 INFO  [Log] Sucessfully clicked the webelement at  :name:passenger 
2019-05-19 07:34:30,384 INFO  [Log] Sucessfully clicked the webelement at  :xpath://*[@id='bookFlightTab']/form/div[5]/div[1]/div[2]/ul/li[1]/div/button[2]/span 
2019-05-19 07:34:30,510 INFO  [Log] Sucessfully clicked the webelement at  :xpath://*[@id='bookFlightTab']/form/div[5]/div[1]/div[2]/ul/li[1]/div/button[2]/span 
2019-05-19 07:34:30,682 INFO  [Log] Sucessfully clicked the webelement at  :xpath://*[@id='bookFlightTab']/form/div[5]/div[1]/div[2]/div/button 
2019-05-19 07:34:30,864 INFO  [Log] Sucessfully clicked the webelement at  :xpath://*[@id='bookFlightTab']/form/div[7]/div[6]/button/span[1] 
2019-05-19 07:34:40,973 INFO  [Log] Sucessfully fetched the value from the webelement : xpath://*[@id='bookingWidgetContainer']/div/div/div/div[2]/div[3]/div/div[1]/spanand the value is : ? 3,543 
2019-05-19 07:34:40,974 INFO  [Log] ---------------------------------- 
2019-05-19 07:34:40,974 INFO  [Log] -------------END-------------- 
2019-05-19 07:34:40,974 INFO  [Log] ---------------------------------- 
2019-05-19 07:34:41,149 INFO  [Log] ---------------------------------- 
2019-05-19 07:34:41,149 INFO  [Log] TC002 
2019-05-19 07:34:41,149 INFO  [Log] ---------------------------------- 
2019-05-19 07:34:41,268 INFO  [Log] Sucessfully clicked the webelement at  :xpath://*[@id='flightSelectMount']/div/div[1]/div/div/div/div[1]/div[1]/div/div/div[2]/div/button[1] 
2019-05-19 07:34:42,049 INFO  [Log] ---------------------------------- 
2019-05-19 07:34:42,049 INFO  [Log] -------------END-------------- 
2019-05-19 07:34:42,049 INFO  [Log] ---------------------------------- 
2019-05-19 07:34:42,137 INFO  [Log] ---------------------------------- 
2019-05-19 07:34:42,137 INFO  [Log] TC003 
2019-05-19 07:34:42,137 INFO  [Log] ---------------------------------- 
2019-05-19 07:34:44,359 INFO  [Log] Sucessfully clicked the webelement at  :linkText:Contact us 
2019-05-19 07:34:46,377 INFO  [Log] Sucessfully switched to a new window  
2019-05-19 07:34:49,502 INFO  [Log] Sucessfully fetched the value from the webelement : xpath:/html/body/div[6]/div[1]/div[1]/div/div[2]/div/div[1]/p[1]and the value is : Level 1, Tower C, Global Business Park, Mehrauli-Gurgaon Road, Gurgaon – 122 002, Haryana, India. 
2019-05-19 07:34:49,502 INFO  [Log] ---------------------------------- 
2019-05-19 07:34:49,502 INFO  [Log] -------------END-------------- 
2019-05-19 07:34:49,502 INFO  [Log] ---------------------------------- 
2019-05-19 07:34:49,579 INFO  [Log] ---------------------------------- 
2019-05-19 07:34:49,580 INFO  [Log] TC004 
2019-05-19 07:34:49,580 INFO  [Log] ---------------------------------- 
2019-05-19 07:34:51,693 INFO  [Log] Sucessfully hovered the mouse at the webelement :linkText:Manage 
2019-05-19 07:34:55,863 INFO  [Log] Sucessfully hovered and click the mouse at the webelement :linkText:Lounge Services 
2019-05-19 07:34:56,819 INFO  [Log] Sucessfully closed the browser 
2019-05-19 07:34:56,820 INFO  [Log] ---------------------------------- 
2019-05-19 07:34:56,820 INFO  [Log] -------------END-------------- 
2019-05-19 07:34:56,820 INFO  [Log] ---------------------------------- 
2019-05-19 08:37:51,113 INFO  [Log] ---------------------------------- 
2019-05-19 08:37:51,114 INFO  [Log] TC001 
2019-05-19 08:37:51,114 INFO  [Log] ---------------------------------- 
2019-05-19 08:37:54,635 INFO  [Log] The browser which got openend is :Chrome 
2019-05-19 08:38:04,192 INFO  [Log] The URL which got openend is :https://www.goindigo.in/?linkNav=home_header 
2019-05-19 08:38:04,554 INFO  [Log] Sucessfully worked with the keyboard keys in  :name:or-src 
2019-05-19 08:38:04,606 INFO  [Log] Sucessfully worked with the keyboard keys in  :name:or-src 
2019-05-19 08:38:04,672 INFO  [Log] Sucessfully worked with the keyboard keys in  :name:or-src 
2019-05-19 08:38:04,732 INFO  [Log] Sucessfully worked with the keyboard keys in  :name:or-src 
2019-05-19 08:38:04,809 INFO  [Log] Sucessfully worked with the keyboard keys in  :name:or-src 
2019-05-19 08:38:04,878 INFO  [Log] Sucessfully worked with the keyboard keys in  :name:or-src 
2019-05-19 08:38:04,945 INFO  [Log] Sucessfully worked with the keyboard keys in  :name:or-src 
2019-05-19 08:38:05,002 INFO  [Log] Sucessfully worked with the keyboard keys in  :name:or-src 
2019-05-19 08:38:05,063 INFO  [Log] Sucessfully worked with the keyboard keys in  :name:or-src 
2019-05-19 08:38:05,143 INFO  [Log] Sucessfully worked with the keyboard keys in  :name:or-src 
2019-05-19 08:38:05,260 INFO  [Log] Sucessfully worked with the keyboard keys in  :name:or-src 
2019-05-19 08:38:05,401 INFO  [Log] Sucessfully worked with the keyboard keys in  :name:or-src 
2019-05-19 08:38:05,506 INFO  [Log] Sucessfully worked with the keyboard keys in  :name:or-src 
2019-05-19 08:38:05,617 INFO  [Log] Sucessfully worked with the keyboard keys in  :name:or-src 
2019-05-19 08:38:05,706 INFO  [Log] Sucessfully worked with the keyboard keys in  :name:or-src 
2019-05-19 08:38:05,842 INFO  [Log] Sucessfully worked with the keyboard keys in  :name:or-src 
2019-05-19 08:38:05,931 INFO  [Log] Sucessfully worked with the keyboard keys in  :name:or-src 
2019-05-19 08:38:06,028 INFO  [Log] Sucessfully worked with the keyboard keys in  :name:or-src 
2019-05-19 08:38:06,119 INFO  [Log] Sucessfully worked with the keyboard keys in  :name:or-src 
2019-05-19 08:38:06,214 INFO  [Log] Sucessfully worked with the keyboard keys in  :name:or-src 
2019-05-19 08:38:06,339 INFO  [Log] Sucessfully worked with the keyboard keys in  :name:or-src 
2019-05-19 08:38:06,454 INFO  [Log] Sucessfully worked with the keyboard keys in  :name:or-src 
2019-05-19 08:38:06,546 INFO  [Log] Sucessfully worked with the keyboard keys in  :name:or-src 
2019-05-19 08:38:06,642 INFO  [Log] Sucessfully worked with the keyboard keys in  :name:or-src 
2019-05-19 08:38:06,747 INFO  [Log] Sucessfully worked with the keyboard keys in  :name:or-src 
2019-05-19 08:38:06,891 INFO  [Log] Sucessfully worked with the keyboard keys in  :name:or-src 
2019-05-19 08:38:06,980 INFO  [Log] Sucessfully worked with the keyboard keys in  :name:or-src 
2019-05-19 08:38:07,080 INFO  [Log] Sucessfully worked with the keyboard keys in  :name:or-src 
2019-05-19 08:38:07,177 INFO  [Log] Sucessfully worked with the keyboard keys in  :name:or-src 
2019-05-19 08:38:07,277 INFO  [Log] Sucessfully worked with the keyboard keys in  :name:or-src 
2019-05-19 08:38:07,848 INFO  [Log] Sucessfully entered the text in  :name:or-src and the value is : Chennai (MAA) 
2019-05-19 08:38:08,056 INFO  [Log] Sucessfully worked with the keyboard keys in  :name:or-src 
2019-05-19 08:38:09,714 INFO  [Log] Sucessfully entered the text in  :name:or-dest and the value is : Ahmedabad (AMD) 
2019-05-19 08:38:09,842 INFO  [Log] Sucessfully worked with the keyboard keys in  :name:or-dest 
2019-05-19 08:38:11,675 INFO  [Log] Sucessfully fetched the date from the calender :20 
2019-05-19 08:38:11,814 INFO  [Log] Sucessfully clicked the webelement at  :name:passenger 
2019-05-19 08:38:12,143 INFO  [Log] Sucessfully clicked the webelement at  :xpath://*[@id='bookFlightTab']/form/div[5]/div[1]/div[2]/ul/li[1]/div/button[2]/span 
2019-05-19 08:38:12,319 INFO  [Log] Sucessfully clicked the webelement at  :xpath://*[@id='bookFlightTab']/form/div[5]/div[1]/div[2]/ul/li[1]/div/button[2]/span 
2019-05-19 08:38:12,526 INFO  [Log] Sucessfully clicked the webelement at  :xpath://*[@id='bookFlightTab']/form/div[5]/div[1]/div[2]/div/button 
2019-05-19 08:38:12,744 INFO  [Log] Sucessfully clicked the webelement at  :xpath://*[@id='bookFlightTab']/form/div[7]/div[6]/button/span[1] 
2019-05-19 08:38:22,799 INFO  [Log] Sucessfully fetched the value from the webelement : xpath://*[@id='bookingWidgetContainer']/div/div/div/div[2]/div[3]/div/div[1]/spanand the value is : ? 3,543 
2019-05-19 08:38:22,799 INFO  [Log] ---------------------------------- 
2019-05-19 08:38:22,799 INFO  [Log] -------------END-------------- 
2019-05-19 08:38:22,799 INFO  [Log] ---------------------------------- 
2019-05-19 08:38:23,027 INFO  [Log] ---------------------------------- 
2019-05-19 08:38:23,027 INFO  [Log] TC002 
2019-05-19 08:38:23,027 INFO  [Log] ---------------------------------- 
2019-05-19 08:38:23,194 INFO  [Log] Sucessfully clicked the webelement at  :xpath://*[@id='flightSelectMount']/div/div[1]/div/div/div/div[1]/div[1]/div/div/div[2]/div/button[1] 
2019-05-19 08:38:24,182 INFO  [Log] ---------------------------------- 
2019-05-19 08:38:24,183 INFO  [Log] -------------END-------------- 
2019-05-19 08:38:24,183 INFO  [Log] ---------------------------------- 
2019-05-19 08:38:24,296 INFO  [Log] ---------------------------------- 
2019-05-19 08:38:24,296 INFO  [Log] TC003 
2019-05-19 08:38:24,296 INFO  [Log] ---------------------------------- 
2019-05-19 08:38:26,487 INFO  [Log] Sucessfully clicked the webelement at  :linkText:Contact us 
2019-05-19 08:38:28,524 INFO  [Log] Sucessfully switched to a new window  
2019-05-19 08:38:31,620 INFO  [Log] Sucessfully fetched the value from the webelement : xpath:/html/body/div[6]/div[1]/div[1]/div/div[2]/div/div[1]/p[1]and the value is : Level 1, Tower C, Global Business Park, Mehrauli-Gurgaon Road, Gurgaon – 122 002, Haryana, India. 
2019-05-19 08:38:31,620 INFO  [Log] ---------------------------------- 
2019-05-19 08:38:31,621 INFO  [Log] -------------END-------------- 
2019-05-19 08:38:31,621 INFO  [Log] ---------------------------------- 
2019-05-19 08:38:31,750 INFO  [Log] ---------------------------------- 
2019-05-19 08:38:31,750 INFO  [Log] TC004 
2019-05-19 08:38:31,750 INFO  [Log] ---------------------------------- 
2019-05-19 08:38:33,857 INFO  [Log] Sucessfully hovered the mouse at the webelement :linkText:Manage 
2019-05-19 08:38:38,856 INFO  [Log] Sucessfully hovered and click the mouse at the webelement :linkText:Lounge Services 
2019-05-19 08:38:40,469 INFO  [Log] Sucessfully closed the browser 
2019-05-19 08:38:40,469 INFO  [Log] ---------------------------------- 
2019-05-19 08:38:40,469 INFO  [Log] -------------END-------------- 
2019-05-19 08:38:40,469 INFO  [Log] ---------------------------------- 
